<?xml version="1.0" encoding="UTF-8"?>
<!-- Generated by org.testng.reporters.JUnitReportReporter -->
<testsuite skipped="0" hostname="qaplanet-PC" name="MGID.MAID.LgTest" tests="1" failures="0" timestamp="25 Sep 2019 04:29:25 GMT" time="8.543" errors="0">
  <testcase name="f" time="8.543" classname="MGID.MAID.LgTest"/>
</testsuite> <!-- MGID.MAID.LgTest -->
